<?xml version="1.0" encoding="UTF-8"?>
<!-- Generated by org.testng.reporters.JUnitXMLReporter -->
<testsuite ignored="9" hostname="DESKTOP-C6OQV70" failures="0" tests="22" name="Test1" time="120.251" errors="0" timestamp="08 Apr 2023 21:43:51 GMT">
  <testcase classname="com.saucedemo.swaglabs.testCases.DigestAuthentication" name="digestAuthentication" time="8.848"/>
  <testcase classname="com.saucedemo.swaglabs.testCases.Checkboxes" name="checkboxes" time="9.55"/>
  <testcase classname="com.saucedemo.swaglabs.testCases.ContextMenu" name="contextMenu" time="10.781"/>
  <testcase classname="com.saucedemo.swaglabs.testCases.HorizontalSlider" name="horizontalSlider" time="7.826"/>
  <testcase classname="com.saucedemo.swaglabs.testCases.BasicAuth" name="basicAuth" time="11.291"/>
  <testcase classname="com.saucedemo.swaglabs.testCases.DynamicContent" name="dynamicContent" time="11.69"/>
  <testcase classname="com.saucedemo.swaglabs.testCases.InfiniteScroll" name="infiniteScroll" time="11.748"/>
  <testcase classname="com.saucedemo.swaglabs.testCases.ForgotPassword" name="forgotPassword" time="12.974"/>
  <testcase classname="com.saucedemo.swaglabs.testCases.BrokenImage" name="brokenImage" time="18.239"/>
  <testcase classname="com.saucedemo.swaglabs.testCases.DynamicControl" name="dynamicControl" time="15.823"/>
  <testcase classname="com.saucedemo.swaglabs.testCases.AddRemoveElements" name="addRemoveElements" time="20.586"/>
  <testcase classname="com.saucedemo.swaglabs.testCases.FormAuth" name="formAuth" time="22.867"/>
  <testcase classname="com.saucedemo.swaglabs.testCases.DropDown" name="dropDown" time="25.687"/>
  <testcase classname="com.saucedemo.swaglabs.testCases.DisappearingElements" name="disappearingElements" time="26.506"/>
  <testcase classname="com.saucedemo.swaglabs.testCases.Iframe" name="iframe" time="49.374"/>
  <testcase classname="com.saucedemo.swaglabs.testCases.Input" name="input" time="10.762"/>
  <testcase classname="com.saucedemo.swaglabs.testCases.MultipleWindows" name="multipleWindows" time="19.636"/>
  <testcase classname="com.saucedemo.swaglabs.testCases.NestedFrames" name="nestedFrames" time="18.45"/>
  <testcase classname="com.saucedemo.swaglabs.testCases.MouseHover" name="mouseHover" time="19.079"/>
  <testcase classname="com.saucedemo.swaglabs.testCases.NotificationMessage" name="notificationMessage" time="27.484"/>
  <testcase classname="com.saucedemo.swaglabs.testCases.JavaScriptAlert" name="javaScriptAlert" time="36.968"/>
  <testcase classname="com.saucedemo.swaglabs.testCases.RedirectLink" name="redirectLink" time="52.551"/>
  <testcase classname="com.saucedemo.swaglabs.testCases.UserAbleToClickOnCreateNewAccount" name="userAbleToClickOnCreateNewAccount" time="0.0">
    <ignored/>
  </testcase> <!-- userAbleToClickOnCreateNewAccount -->
  <testcase classname="com.saucedemo.swaglabs.testCases.FileUpload" name="fileUpload" time="0.0">
    <ignored/>
  </testcase> <!-- fileUpload -->
  <testcase classname="com.saucedemo.swaglabs.testCases.ABTesting" name="aBTesting" time="0.0">
    <ignored/>
  </testcase> <!-- aBTesting -->
  <testcase classname="com.saucedemo.swaglabs.testCases.ScreenshotOfWebpage" name="screenshotOfWebpage" time="0.0">
    <ignored/>
  </testcase> <!-- screenshotOfWebpage -->
  <testcase classname="com.saucedemo.swaglabs.testCases.FileDownload" name="fileDownload" time="0.0">
    <ignored/>
  </testcase> <!-- fileDownload -->
  <testcase classname="com.saucedemo.swaglabs.testCases.ScreenshotOfAnElement" name="screenshotOfAnElement" time="0.0">
    <ignored/>
  </testcase> <!-- screenshotOfAnElement -->
  <testcase classname="com.saucedemo.swaglabs.testCases.UserAbleToClickOnForgetPassword" name="userAbleToClickOnForgetPassword" time="0.0">
    <ignored/>
  </testcase> <!-- userAbleToClickOnForgetPassword -->
  <testcase classname="com.saucedemo.swaglabs.testCases.DragAndDrop" name="dragAndDrop" time="0.0">
    <ignored/>
  </testcase> <!-- dragAndDrop -->
  <testcase classname="com.saucedemo.swaglabs.testCases.FullPageScreenShot" name="fullPageScreenShot" time="0.0">
    <ignored/>
  </testcase> <!-- fullPageScreenShot -->
</testsuite> <!-- Test1 -->
