<?xml version="1.0" encoding="UTF-8"?>
<!-- Generated by org.testng.reporters.JUnitXMLReporter -->
<testsuite ignored="9" hostname="DESKTOP-C6OQV70" failures="0" tests="22" name="Test1" time="121.251" errors="0" timestamp="16 Apr 2023 20:13:04 GMT">
  <testcase classname="com.saucedemo.swaglabs.testCases.HorizontalSlider" name="horizontalSlider" time="7.808"/>
  <testcase classname="com.saucedemo.swaglabs.testCases.DigestAuthentication" name="digestAuthentication" time="8.847"/>
  <testcase classname="com.saucedemo.swaglabs.testCases.Checkboxes" name="checkboxes" time="9.524"/>
  <testcase classname="com.saucedemo.swaglabs.testCases.DynamicContent" name="dynamicContent" time="12.05"/>
  <testcase classname="com.saucedemo.swaglabs.testCases.ForgotPassword" name="forgotPassword" time="13.124"/>
  <testcase classname="com.saucedemo.swaglabs.testCases.ContextMenu" name="contextMenu" time="10.585"/>
  <testcase classname="com.saucedemo.swaglabs.testCases.DynamicControl" name="dynamicControl" time="15.783"/>
  <testcase classname="com.saucedemo.swaglabs.testCases.BasicAuth" name="basicAuth" time="11.757"/>
  <testcase classname="com.saucedemo.swaglabs.testCases.BrokenImage" name="brokenImage" time="17.73"/>
  <testcase classname="com.saucedemo.swaglabs.testCases.AddRemoveElements" name="addRemoveElements" time="20.519"/>
  <testcase classname="com.saucedemo.swaglabs.testCases.DropDown" name="dropDown" time="25.671"/>
  <testcase classname="com.saucedemo.swaglabs.testCases.InfiniteScroll" name="infiniteScroll" time="23.765"/>
  <testcase classname="com.saucedemo.swaglabs.testCases.FormAuth" name="formAuth" time="26.444"/>
  <testcase classname="com.saucedemo.swaglabs.testCases.DisappearingElements" name="disappearingElements" time="27.581"/>
  <testcase classname="com.saucedemo.swaglabs.testCases.Iframe" name="iframe" time="48.056"/>
  <testcase classname="com.saucedemo.swaglabs.testCases.NestedFrames" name="nestedFrames" time="18.455"/>
  <testcase classname="com.saucedemo.swaglabs.testCases.Input" name="input" time="11.862"/>
  <testcase classname="com.saucedemo.swaglabs.testCases.NotificationMessage" name="notificationMessage" time="21.496"/>
  <testcase classname="com.saucedemo.swaglabs.testCases.MouseHover" name="mouseHover" time="19.047"/>
  <testcase classname="com.saucedemo.swaglabs.testCases.MultipleWindows" name="multipleWindows" time="18.838"/>
  <testcase classname="com.saucedemo.swaglabs.testCases.JavaScriptAlert" name="javaScriptAlert" time="29.096"/>
  <testcase classname="com.saucedemo.swaglabs.testCases.RedirectLink" name="redirectLink" time="55.528"/>
  <testcase classname="com.saucedemo.swaglabs.testCases.UserAbleToClickOnCreateNewAccount" name="userAbleToClickOnCreateNewAccount" time="0.0">
    <ignored/>
  </testcase> <!-- userAbleToClickOnCreateNewAccount -->
  <testcase classname="com.saucedemo.swaglabs.testCases.FileUpload" name="fileUpload" time="0.0">
    <ignored/>
  </testcase> <!-- fileUpload -->
  <testcase classname="com.saucedemo.swaglabs.testCases.ABTesting" name="aBTesting" time="0.0">
    <ignored/>
  </testcase> <!-- aBTesting -->
  <testcase classname="com.saucedemo.swaglabs.testCases.ScreenshotOfWebpage" name="screenshotOfWebpage" time="0.0">
    <ignored/>
  </testcase> <!-- screenshotOfWebpage -->
  <testcase classname="com.saucedemo.swaglabs.testCases.FileDownload" name="fileDownload" time="0.0">
    <ignored/>
  </testcase> <!-- fileDownload -->
  <testcase classname="com.saucedemo.swaglabs.testCases.ScreenshotOfAnElement" name="screenshotOfAnElement" time="0.0">
    <ignored/>
  </testcase> <!-- screenshotOfAnElement -->
  <testcase classname="com.saucedemo.swaglabs.testCases.UserAbleToClickOnForgetPassword" name="userAbleToClickOnForgetPassword" time="0.0">
    <ignored/>
  </testcase> <!-- userAbleToClickOnForgetPassword -->
  <testcase classname="com.saucedemo.swaglabs.testCases.DragAndDrop" name="dragAndDrop" time="0.0">
    <ignored/>
  </testcase> <!-- dragAndDrop -->
  <testcase classname="com.saucedemo.swaglabs.testCases.FullPageScreenShot" name="fullPageScreenShot" time="0.0">
    <ignored/>
  </testcase> <!-- fullPageScreenShot -->
</testsuite> <!-- Test1 -->
