<?xml version="1.0" encoding="UTF-8"?>
<!-- Generated by org.testng.reporters.JUnitXMLReporter -->
<testsuite ignored="6" hostname="DESKTOP-C6OQV70" failures="4" tests="25" name="UITest" time="603.292" errors="0" timestamp="15 Apr 2022 07:02:18 GMT">
  <testcase classname="com.saucedemo.swaglabs.testCases.BaseClass" name="@AfterClass afterClass" time="0.017">
    <failure type="org.openqa.selenium.WebDriverException" message="java.net.ConnectException: Failed to connect to localhost/[0:0:0:0:0:0:0:1]:23306
Build info: version: &amp;apos;3.141.5&amp;apos;, revision: &amp;apos;d54ebd709a&amp;apos;, time: &amp;apos;2018-11-06T11:42:16&amp;apos;
System info: host: &amp;apos;DESKTOP-C6OQV70&amp;apos;, ip: &amp;apos;192.168.0.193&amp;apos;, os.name: &amp;apos;Windows 11&amp;apos;, os.arch: &amp;apos;amd64&amp;apos;, os.version: &amp;apos;10.0&amp;apos;, java.version: &amp;apos;18&amp;apos;
Driver info: driver.version: RemoteWebDriver">
      <![CDATA[org.openqa.selenium.WebDriverException: java.net.ConnectException: Failed to connect to localhost/[0:0:0:0:0:0:0:1]:23306
Build info: version: '3.141.5', revision: 'd54ebd709a', time: '2018-11-06T11:42:16'
System info: host: 'DESKTOP-C6OQV70', ip: '192.168.0.193', os.name: 'Windows 11', os.arch: 'amd64', os.version: '10.0', java.version: '18'
Driver info: driver.version: RemoteWebDriver
at org.openqa.selenium.remote.service.DriverCommandExecutor.execute(DriverCommandExecutor.java:92)
at org.openqa.selenium.remote.RemoteWebDriver.execute(RemoteWebDriver.java:552)
at org.openqa.selenium.remote.RemoteWebDriver.execute(RemoteWebDriver.java:609)
at org.openqa.selenium.remote.RemoteWebDriver.quit(RemoteWebDriver.java:452)
at com.saucedemo.swaglabs.testCases.BaseClass.afterClass(BaseClass.java:55)
Caused by: java.net.ConnectException: Failed to connect to localhost/[0:0:0:0:0:0:0:1]:23306
at okhttp3.internal.connection.RealConnection.connectSocket(RealConnection.java:247)
at okhttp3.internal.connection.RealConnection.connect(RealConnection.java:165)
at okhttp3.internal.connection.StreamAllocation.findConnection(StreamAllocation.java:257)
at okhttp3.internal.connection.StreamAllocation.findHealthyConnection(StreamAllocation.java:135)
at okhttp3.internal.connection.StreamAllocation.newStream(StreamAllocation.java:114)
at okhttp3.internal.connection.ConnectInterceptor.intercept(ConnectInterceptor.java:42)
at okhttp3.internal.http.RealInterceptorChain.proceed(RealInterceptorChain.java:147)
at okhttp3.internal.http.RealInterceptorChain.proceed(RealInterceptorChain.java:121)
at okhttp3.internal.cache.CacheInterceptor.intercept(CacheInterceptor.java:93)
at okhttp3.internal.http.RealInterceptorChain.proceed(RealInterceptorChain.java:147)
at okhttp3.internal.http.RealInterceptorChain.proceed(RealInterceptorChain.java:121)
at okhttp3.internal.http.BridgeInterceptor.intercept(BridgeInterceptor.java:93)
at okhttp3.internal.http.RealInterceptorChain.proceed(RealInterceptorChain.java:147)
at okhttp3.internal.http.RetryAndFollowUpInterceptor.intercept(RetryAndFollowUpInterceptor.java:126)
at okhttp3.internal.http.RealInterceptorChain.proceed(RealInterceptorChain.java:147)
at okhttp3.internal.http.RealInterceptorChain.proceed(RealInterceptorChain.java:121)
at okhttp3.RealCall.getResponseWithInterceptorChain(RealCall.java:200)
at okhttp3.RealCall.execute(RealCall.java:77)
at org.openqa.selenium.remote.internal.OkHttpClient.execute(OkHttpClient.java:103)
at org.openqa.selenium.remote.HttpCommandExecutor.execute(HttpCommandExecutor.java:155)
at org.openqa.selenium.remote.service.DriverCommandExecutor.execute(DriverCommandExecutor.java:83)
... 31 more
Caused by: java.net.ConnectException: Connection refused: no further information
at java.base/sun.nio.ch.Net.pollConnect(Native Method)
at java.base/sun.nio.ch.Net.pollConnectNow(Net.java:672)
at java.base/sun.nio.ch.NioSocketImpl.timedFinishConnect(NioSocketImpl.java:539)
at java.base/sun.nio.ch.NioSocketImpl.connect(NioSocketImpl.java:594)
at java.base/java.net.SocksSocketImpl.connect(SocksSocketImpl.java:327)
at java.base/java.net.Socket.connect(Socket.java:633)
at okhttp3.internal.platform.Platform.connectSocket(Platform.java:129)
at okhttp3.internal.connection.RealConnection.connectSocket(RealConnection.java:245)
... 51 more
... Removed 27 stack frames]]>
    </failure>
  </testcase> <!-- @AfterClass afterClass -->
  <testcase classname="com.saucedemo.swaglabs.testCases.AddRemoveElements" name="addRemoveElements" time="20.925"/>
  <testcase classname="com.saucedemo.swaglabs.testCases.DropDown" name="dropDown" time="25.715"/>
  <testcase classname="com.saucedemo.swaglabs.testCases.ForgotPassword" name="forgotPassword" time="12.834"/>
  <testcase classname="com.saucedemo.swaglabs.testCases.BasicAuth" name="basicAuth" time="11.593"/>
  <testcase classname="com.saucedemo.swaglabs.testCases.DynamicContent" name="dynamicContent" time="12.788"/>
  <testcase classname="com.saucedemo.swaglabs.testCases.FormAuth" name="formAuth" time="22.722"/>
  <testcase classname="com.saucedemo.swaglabs.testCases.BrokenImage" name="brokenImage" time="16.323"/>
  <testcase classname="com.saucedemo.swaglabs.testCases.DynamicControl" name="dynamicControl" time="15.933"/>
  <testcase classname="com.saucedemo.swaglabs.testCases.HorizontalSlider" name="horizontalSlider" time="7.886"/>
  <testcase classname="com.saucedemo.swaglabs.testCases.Checkboxes" name="checkboxes" time="9.548"/>
  <testcase classname="com.saucedemo.swaglabs.testCases.Iframe" name="iframe" time="49.597"/>
  <testcase classname="com.saucedemo.swaglabs.testCases.ContextMenu" name="contextMenu" time="10.819"/>
  <testcase classname="com.saucedemo.swaglabs.testCases.InfiniteScroll" name="infiniteScroll" time="18.069">
    <failure type="org.openqa.selenium.WebDriverException" message="java.net.ConnectException: Failed to connect to localhost/[0:0:0:0:0:0:0:1]:23306
Build info: version: &amp;apos;3.141.5&amp;apos;, revision: &amp;apos;d54ebd709a&amp;apos;, time: &amp;apos;2018-11-06T11:42:16&amp;apos;
System info: host: &amp;apos;DESKTOP-C6OQV70&amp;apos;, ip: &amp;apos;192.168.0.193&amp;apos;, os.name: &amp;apos;Windows 11&amp;apos;, os.arch: &amp;apos;amd64&amp;apos;, os.version: &amp;apos;10.0&amp;apos;, java.version: &amp;apos;18&amp;apos;
Driver info: driver.version: RemoteWebDriver">
      <![CDATA[org.openqa.selenium.WebDriverException: java.net.ConnectException: Failed to connect to localhost/[0:0:0:0:0:0:0:1]:23306
Build info: version: '3.141.5', revision: 'd54ebd709a', time: '2018-11-06T11:42:16'
System info: host: 'DESKTOP-C6OQV70', ip: '192.168.0.193', os.name: 'Windows 11', os.arch: 'amd64', os.version: '10.0', java.version: '18'
Driver info: driver.version: RemoteWebDriver
at org.openqa.selenium.remote.service.DriverCommandExecutor.execute(DriverCommandExecutor.java:92)
at org.openqa.selenium.remote.RemoteWebDriver.execute(RemoteWebDriver.java:552)
at org.openqa.selenium.remote.RemoteWebDriver.execute(RemoteWebDriver.java:609)
at org.openqa.selenium.remote.RemoteWebDriver$RemoteNavigation.back(RemoteWebDriver.java:849)
at com.saucedemo.swaglabs.testCases.InfiniteScroll.infiniteScroll(InfiniteScroll.java:42)
Caused by: java.net.ConnectException: Failed to connect to localhost/[0:0:0:0:0:0:0:1]:23306
at okhttp3.internal.connection.RealConnection.connectSocket(RealConnection.java:247)
at okhttp3.internal.connection.RealConnection.connect(RealConnection.java:165)
at okhttp3.internal.connection.StreamAllocation.findConnection(StreamAllocation.java:257)
at okhttp3.internal.connection.StreamAllocation.findHealthyConnection(StreamAllocation.java:135)
at okhttp3.internal.connection.StreamAllocation.newStream(StreamAllocation.java:114)
at okhttp3.internal.connection.ConnectInterceptor.intercept(ConnectInterceptor.java:42)
at okhttp3.internal.http.RealInterceptorChain.proceed(RealInterceptorChain.java:147)
at okhttp3.internal.http.RealInterceptorChain.proceed(RealInterceptorChain.java:121)
at okhttp3.internal.cache.CacheInterceptor.intercept(CacheInterceptor.java:93)
at okhttp3.internal.http.RealInterceptorChain.proceed(RealInterceptorChain.java:147)
at okhttp3.internal.http.RealInterceptorChain.proceed(RealInterceptorChain.java:121)
at okhttp3.internal.http.BridgeInterceptor.intercept(BridgeInterceptor.java:93)
at okhttp3.internal.http.RealInterceptorChain.proceed(RealInterceptorChain.java:147)
at okhttp3.internal.http.RetryAndFollowUpInterceptor.intercept(RetryAndFollowUpInterceptor.java:126)
at okhttp3.internal.http.RealInterceptorChain.proceed(RealInterceptorChain.java:147)
at okhttp3.internal.http.RealInterceptorChain.proceed(RealInterceptorChain.java:121)
at okhttp3.RealCall.getResponseWithInterceptorChain(RealCall.java:200)
at okhttp3.RealCall.execute(RealCall.java:77)
at org.openqa.selenium.remote.internal.OkHttpClient.execute(OkHttpClient.java:103)
at org.openqa.selenium.remote.HttpCommandExecutor.execute(HttpCommandExecutor.java:155)
at org.openqa.selenium.remote.service.DriverCommandExecutor.execute(DriverCommandExecutor.java:83)
... 30 more
Caused by: java.net.ConnectException: Connection refused: no further information
at java.base/sun.nio.ch.Net.pollConnect(Native Method)
at java.base/sun.nio.ch.Net.pollConnectNow(Net.java:672)
at java.base/sun.nio.ch.NioSocketImpl.timedFinishConnect(NioSocketImpl.java:539)
at java.base/sun.nio.ch.NioSocketImpl.connect(NioSocketImpl.java:594)
at java.base/java.net.SocksSocketImpl.connect(SocksSocketImpl.java:327)
at java.base/java.net.Socket.connect(Socket.java:633)
at okhttp3.internal.platform.Platform.connectSocket(Platform.java:129)
at okhttp3.internal.connection.RealConnection.connectSocket(RealConnection.java:245)
... 50 more
... Removed 26 stack frames]]>
    </failure>
  </testcase> <!-- infiniteScroll -->
  <testcase classname="com.saucedemo.swaglabs.testCases.DigestAuthentication" name="digestAuthentication" time="9.503"/>
  <testcase classname="com.saucedemo.swaglabs.testCases.Input" name="input" time="11.098"/>
  <testcase classname="com.saucedemo.swaglabs.testCases.DisappearingElements" name="disappearingElements" time="27.745"/>
  <testcase classname="com.saucedemo.swaglabs.testCases.JavaScriptAlert" name="javaScriptAlert" time="27.947"/>
  <testcase classname="com.saucedemo.swaglabs.testCases.MouseHover" name="mouseHover" time="19.84"/>
  <testcase classname="com.saucedemo.swaglabs.testCases.MultipleWindows" name="multipleWindows" time="19.141"/>
  <testcase classname="com.saucedemo.swaglabs.testCases.NestedFrames" name="nestedFrames" time="18.724"/>
  <testcase classname="com.saucedemo.swaglabs.testCases.NotificationMessage" name="notificationMessage" time="18.011"/>
  <testcase classname="com.saucedemo.swaglabs.testCases.RedirectLink" name="redirectLink" time="54.327"/>
  <testcase classname="com.saucedemo.swaglabs.testCases.ScreenshotOfWebpage" name="screenshotOfWebpage" time="0.759">
    <failure type="java.io.IOException" message="Destination &amp;apos;G:\Talha\SQA\Github\sqabdautomation\Java\Talha\swaglabs\Images&amp;apos; directory cannot be created">
      <![CDATA[java.io.IOException: Destination 'G:\Talha\SQA\Github\sqabdautomation\Java\Talha\swaglabs\Images' directory cannot be created
at org.apache.commons.io.FileUtils.copyFile(FileUtils.java:1085)
at org.apache.commons.io.FileUtils.copyFile(FileUtils.java:1038)
at com.saucedemo.swaglabs.testCases.ScreenshotOfWebpage.screenshotOfWebpage(ScreenshotOfWebpage.java:20)
... Removed 26 stack frames]]>
    </failure>
  </testcase> <!-- screenshotOfWebpage -->
  <testcase classname="com.saucedemo.swaglabs.testCases.ScreenshotOfAnElement" name="screenshotOfAnElement" time="0.182">
    <failure type="java.io.IOException" message="Destination &amp;apos;G:\Talha\SQA\Github\sqabdautomation\Java\Talha\swaglabs\Images&amp;apos; directory cannot be created">
      <![CDATA[java.io.IOException: Destination 'G:\Talha\SQA\Github\sqabdautomation\Java\Talha\swaglabs\Images' directory cannot be created
at org.apache.commons.io.FileUtils.copyFile(FileUtils.java:1085)
at org.apache.commons.io.FileUtils.copyFile(FileUtils.java:1038)
at com.saucedemo.swaglabs.testCases.ScreenshotOfAnElement.screenshotOfAnElement(ScreenshotOfAnElement.java:37)
... Removed 26 stack frames]]>
    </failure>
  </testcase> <!-- screenshotOfAnElement -->
  <testcase classname="com.saucedemo.swaglabs.testCases.FullPageScreenShot" name="fullPageScreenShot" time="4.321">
    <failure type="javax.imageio.IIOException" message="Can&amp;apos;t create an ImageOutputStream!">
      <![CDATA[javax.imageio.IIOException: Can't create an ImageOutputStream!
at java.desktop/javax.imageio.ImageIO.write(ImageIO.java:1553)
at com.saucedemo.swaglabs.testCases.FullPageScreenShot.fullPageScreenShot(FullPageScreenShot.java:26)
... Removed 26 stack frames]]>
    </failure>
  </testcase> <!-- fullPageScreenShot -->
  <testcase classname="com.saucedemo.swaglabs.testCases.UserAbleToClickOnCreateNewAccount" name="userAbleToClickOnCreateNewAccount" time="0.0">
    <ignored/>
  </testcase> <!-- userAbleToClickOnCreateNewAccount -->
  <testcase classname="com.saucedemo.swaglabs.testCases.FileUpload" name="fileUpload" time="0.0">
    <ignored/>
  </testcase> <!-- fileUpload -->
  <testcase classname="com.saucedemo.swaglabs.testCases.ABTesting" name="aBTesting" time="0.0">
    <ignored/>
  </testcase> <!-- aBTesting -->
  <testcase classname="com.saucedemo.swaglabs.testCases.FileDownload" name="fileDownload" time="0.0">
    <ignored/>
  </testcase> <!-- fileDownload -->
  <testcase classname="com.saucedemo.swaglabs.testCases.UserAbleToClickOnForgetPassword" name="userAbleToClickOnForgetPassword" time="0.0">
    <ignored/>
  </testcase> <!-- userAbleToClickOnForgetPassword -->
  <testcase classname="com.saucedemo.swaglabs.testCases.DragAndDrop" name="dragAndDrop" time="0.0">
    <ignored/>
  </testcase> <!-- dragAndDrop -->
</testsuite> <!-- UITest -->
