<?xml version="1.0" encoding="UTF-8"?>
<!-- Generated by org.testng.reporters.JUnitXMLReporter -->
<testsuite ignored="3" hostname="DESKTOP-UB2UHJP" failures="0" tests="28" name="UITest" time="1034.651" errors="0" timestamp="21 Sep 2021 17:39:34 GMT">
  <testcase classname="com.saucedemo.swaglabs.testCases.AddRemoveElements" name="addRemoveElements" time="21.548"/>
  <testcase classname="com.saucedemo.swaglabs.testCases.BasicAuth" name="basicAuth" time="12.54"/>
  <testcase classname="com.saucedemo.swaglabs.testCases.BrokenImage" name="brokenImage" time="16.256"/>
  <testcase classname="com.saucedemo.swaglabs.testCases.Checkboxes" name="checkboxes" time="10.433"/>
  <testcase classname="com.saucedemo.swaglabs.testCases.ContextMenu" name="contextMenu" time="11.382"/>
  <testcase classname="com.saucedemo.swaglabs.testCases.DigestAuthentication" name="digestAuthentication" time="9.347"/>
  <testcase classname="com.saucedemo.swaglabs.testCases.DisappearingElements" name="disappearingElements" time="28.078"/>
  <testcase classname="com.saucedemo.swaglabs.testCases.DragAndDrop" name="dragAndDrop" time="148.003"/>
  <testcase classname="com.saucedemo.swaglabs.testCases.DropDown" name="dropDown" time="26.778"/>
  <testcase classname="com.saucedemo.swaglabs.testCases.DynamicContent" name="dynamicContent" time="12.577"/>
  <testcase classname="com.saucedemo.swaglabs.testCases.DynamicControl" name="dynamicControl" time="17.499"/>
  <testcase classname="com.saucedemo.swaglabs.testCases.FileUpload" name="fileUpload" time="39.085"/>
  <testcase classname="com.saucedemo.swaglabs.testCases.FileDownload" name="fileDownload" time="14.275"/>
  <testcase classname="com.saucedemo.swaglabs.testCases.ForgotPassword" name="forgotPassword" time="14.111"/>
  <testcase classname="com.saucedemo.swaglabs.testCases.FormAuth" name="formAuth" time="22.969"/>
  <testcase classname="com.saucedemo.swaglabs.testCases.HorizontalSlider" name="horizontalSlider" time="8.382"/>
  <testcase classname="com.saucedemo.swaglabs.testCases.Iframe" name="iframe" time="51.338"/>
  <testcase classname="com.saucedemo.swaglabs.testCases.InfiniteScroll" name="infiniteScroll" time="24.206"/>
  <testcase classname="com.saucedemo.swaglabs.testCases.Input" name="input" time="12.131"/>
  <testcase classname="com.saucedemo.swaglabs.testCases.JavaScriptAlert" name="javaScriptAlert" time="28.619"/>
  <testcase classname="com.saucedemo.swaglabs.testCases.MouseHover" name="mouseHover" time="19.709"/>
  <testcase classname="com.saucedemo.swaglabs.testCases.MultipleWindows" name="multipleWindows" time="20.059"/>
  <testcase classname="com.saucedemo.swaglabs.testCases.NestedFrames" name="nestedFrames" time="19.545"/>
  <testcase classname="com.saucedemo.swaglabs.testCases.NotificationMessage" name="notificationMessage" time="20.573"/>
  <testcase classname="com.saucedemo.swaglabs.testCases.RedirectLink" name="redirectLink" time="58.034"/>
  <testcase classname="com.saucedemo.swaglabs.testCases.ScreenshotOfWebpage" name="screenshotOfWebpage" time="0.794"/>
  <testcase classname="com.saucedemo.swaglabs.testCases.ScreenshotOfAnElement" name="screenshotOfAnElement" time="1.37"/>
  <testcase classname="com.saucedemo.swaglabs.testCases.FullPageScreenShot" name="fullPageScreenShot" time="5.318"/>
  <testcase classname="com.saucedemo.swaglabs.testCases.UserAbleToClickOnCreateNewAccount" name="userAbleToClickOnCreateNewAccount" time="0.0">
    <ignored/>
  </testcase> <!-- userAbleToClickOnCreateNewAccount -->
  <testcase classname="com.saucedemo.swaglabs.testCases.ABTesting" name="aBTesting" time="0.0">
    <ignored/>
  </testcase> <!-- aBTesting -->
  <testcase classname="com.saucedemo.swaglabs.testCases.UserAbleToClickOnForgetPassword" name="userAbleToClickOnForgetPassword" time="0.0">
    <ignored/>
  </testcase> <!-- userAbleToClickOnForgetPassword -->
</testsuite> <!-- UITest -->
