<?xml version="1.0" encoding="UTF-8"?>
<testsuite xmlns:xsi="http://www.w3.org/2001/XMLSchema-instance" xsi:schemaLocation="https://maven.apache.org/surefire/maven-surefire-plugin/xsd/surefire-test-report.xsd" name="TestSuite" time="1,035.851" tests="28" errors="0" skipped="0" failures="0">
  <properties>
[...]
</properties>
  <testcase name="addRemoveElements" classname="com.saucedemo.swaglabs.testCases.AddRemoveElements" time="21.55"/>
  <testcase name="basicAuth" classname="com.saucedemo.swaglabs.testCases.BasicAuth" time="12.538"/>
  <testcase name="brokenImage" classname="com.saucedemo.swaglabs.testCases.BrokenImage" time="16.251"/>
  <testcase name="checkboxes" classname="com.saucedemo.swaglabs.testCases.Checkboxes" time="10.432"/>
  <testcase name="contextMenu" classname="com.saucedemo.swaglabs.testCases.ContextMenu" time="11.382"/>
  <testcase name="digestAuthentication" classname="com.saucedemo.swaglabs.testCases.DigestAuthentication" time="9.348"/>
  <testcase name="disappearingElements" classname="com.saucedemo.swaglabs.testCases.DisappearingElements" time="28.078"/>
  <testcase name="dragAndDrop" classname="com.saucedemo.swaglabs.testCases.DragAndDrop" time="148.003"/>
  <testcase name="dropDown" classname="com.saucedemo.swaglabs.testCases.DropDown" time="26.784"/>
  <testcase name="dynamicContent" classname="com.saucedemo.swaglabs.testCases.DynamicContent" time="12.577"/>
  <testcase name="dynamicControl" classname="com.saucedemo.swaglabs.testCases.DynamicControl" time="17.499"/>
  <testcase name="fileUpload" classname="com.saucedemo.swaglabs.testCases.FileUpload" time="39.082"/>
  <testcase name="fileDownload" classname="com.saucedemo.swaglabs.testCases.FileDownload" time="14.287"/>
  <testcase name="forgotPassword" classname="com.saucedemo.swaglabs.testCases.ForgotPassword" time="14.11"/>
  <testcase name="formAuth" classname="com.saucedemo.swaglabs.testCases.FormAuth" time="22.969"/>
  <testcase name="horizontalSlider" classname="com.saucedemo.swaglabs.testCases.HorizontalSlider" time="8.385"/>
  <testcase name="iframe" classname="com.saucedemo.swaglabs.testCases.Iframe" time="51.337"/>
  <testcase name="infiniteScroll" classname="com.saucedemo.swaglabs.testCases.InfiniteScroll" time="24.207"/>
  <testcase name="input" classname="com.saucedemo.swaglabs.testCases.Input" time="12.134"/>
  <testcase name="javaScriptAlert" classname="com.saucedemo.swaglabs.testCases.JavaScriptAlert" time="28.619"/>
  <testcase name="mouseHover" classname="com.saucedemo.swaglabs.testCases.MouseHover" time="19.709"/>
  <testcase name="multipleWindows" classname="com.saucedemo.swaglabs.testCases.MultipleWindows" time="20.059"/>
  <testcase name="nestedFrames" classname="com.saucedemo.swaglabs.testCases.NestedFrames" time="19.542"/>
  <testcase name="notificationMessage" classname="com.saucedemo.swaglabs.testCases.NotificationMessage" time="20.573"/>
  <testcase name="redirectLink" classname="com.saucedemo.swaglabs.testCases.RedirectLink" time="58.029"/>
  <testcase name="screenshotOfWebpage" classname="com.saucedemo.swaglabs.testCases.ScreenshotOfWebpage" time="0.796"/>
  <testcase name="screenshotOfAnElement" classname="com.saucedemo.swaglabs.testCases.ScreenshotOfAnElement" time="1.371"/>
  <testcase name="fullPageScreenShot" classname="com.saucedemo.swaglabs.testCases.FullPageScreenShot" time="5.318"/>
</testsuite>