<?xml version="1.0" encoding="UTF-8"?>
<testng-results ignored="3" total="31" passed="28" failed="0" skipped="0">
  <reporter-output>
  </reporter-output>
  <suite started-at="2021-09-21T17:22:20Z" name="Regression" finished-at="2021-09-21T17:39:34Z" duration-ms="1034651">
    <groups>
    </groups>
    <test started-at="2021-09-21T17:22:20Z" name="UITest" finished-at="2021-09-21T17:39:34Z" duration-ms="1034651">
      <class name="com.saucedemo.swaglabs.testCases.DynamicContent">
        <test-method is-config="true" signature="beforeClass()[pri:0, instance:com.saucedemo.swaglabs.testCases.DynamicContent@23bb8443]" started-at="2021-09-21T17:28:57Z" name="beforeClass" finished-at="2021-09-21T17:28:58Z" duration-ms="1548" status="PASS">
          <reporter-output>
          </reporter-output>
        </test-method> <!-- beforeClass -->
        <test-method is-config="true" signature="beforeMethod()[pri:0, instance:com.saucedemo.swaglabs.testCases.DynamicContent@23bb8443]" started-at="2021-09-21T17:28:58Z" name="beforeMethod" finished-at="2021-09-21T17:29:16Z" duration-ms="18298" status="PASS">
          <reporter-output>
          </reporter-output>
        </test-method> <!-- beforeMethod -->
        <test-method signature="dynamicContent()[pri:0, instance:com.saucedemo.swaglabs.testCases.DynamicContent@23bb8443]" started-at="2021-09-21T17:29:16Z" name="dynamicContent" finished-at="2021-09-21T17:29:29Z" duration-ms="12577" status="PASS">
          <reporter-output>
          </reporter-output>
        </test-method> <!-- dynamicContent -->
        <test-method is-config="true" signature="afterClass()[pri:0, instance:com.saucedemo.swaglabs.testCases.DynamicContent@23bb8443]" started-at="2021-09-21T17:29:29Z" name="afterClass" finished-at="2021-09-21T17:29:29Z" duration-ms="427" status="PASS">
          <reporter-output>
          </reporter-output>
        </test-method> <!-- afterClass -->
        <test-method is-config="true" signature="afterTest()[pri:0, instance:com.saucedemo.swaglabs.testCases.DynamicContent@23bb8443]" started-at="2021-09-21T17:29:29Z" name="afterTest" finished-at="2021-09-21T17:29:29Z" duration-ms="0" status="PASS">
          <reporter-output>
          </reporter-output>
        </test-method> <!-- afterTest -->
      </class> <!-- com.saucedemo.swaglabs.testCases.DynamicContent -->
      <class name="com.saucedemo.swaglabs.testCases.MultipleWindows">
        <test-method is-config="true" signature="beforeClass()[pri:0, instance:com.saucedemo.swaglabs.testCases.MultipleWindows@1445d7f]" started-at="2021-09-21T17:35:55Z" name="beforeClass" finished-at="2021-09-21T17:35:56Z" duration-ms="1355" status="PASS">
          <reporter-output>
          </reporter-output>
        </test-method> <!-- beforeClass -->
        <test-method is-config="true" signature="beforeMethod()[pri:0, instance:com.saucedemo.swaglabs.testCases.MultipleWindows@1445d7f]" started-at="2021-09-21T17:35:56Z" name="beforeMethod" finished-at="2021-09-21T17:36:09Z" duration-ms="12304" status="PASS">
          <reporter-output>
          </reporter-output>
        </test-method> <!-- beforeMethod -->
        <test-method signature="multipleWindows()[pri:0, instance:com.saucedemo.swaglabs.testCases.MultipleWindows@1445d7f]" started-at="2021-09-21T17:36:09Z" name="multipleWindows" finished-at="2021-09-21T17:36:29Z" duration-ms="20059" status="PASS">
          <reporter-output>
          </reporter-output>
        </test-method> <!-- multipleWindows -->
        <test-method is-config="true" signature="afterTest()[pri:0, instance:com.saucedemo.swaglabs.testCases.MultipleWindows@1445d7f]" started-at="2021-09-21T17:36:29Z" name="afterTest" finished-at="2021-09-21T17:36:29Z" duration-ms="0" status="PASS">
          <reporter-output>
          </reporter-output>
        </test-method> <!-- afterTest -->
        <test-method is-config="true" signature="afterClass()[pri:0, instance:com.saucedemo.swaglabs.testCases.MultipleWindows@1445d7f]" started-at="2021-09-21T17:36:29Z" name="afterClass" finished-at="2021-09-21T17:36:29Z" duration-ms="305" status="PASS">
          <reporter-output>
          </reporter-output>
        </test-method> <!-- afterClass -->
      </class> <!-- com.saucedemo.swaglabs.testCases.MultipleWindows -->
      <class name="com.saucedemo.swaglabs.testCases.ForgotPassword">
        <test-method is-config="true" signature="beforeClass()[pri:0, instance:com.saucedemo.swaglabs.testCases.ForgotPassword@3444d69d]" started-at="2021-09-21T17:31:15Z" name="beforeClass" finished-at="2021-09-21T17:31:17Z" duration-ms="1516" status="PASS">
          <reporter-output>
          </reporter-output>
        </test-method> <!-- beforeClass -->
        <test-method is-config="true" signature="beforeMethod()[pri:0, instance:com.saucedemo.swaglabs.testCases.ForgotPassword@3444d69d]" started-at="2021-09-21T17:31:17Z" name="beforeMethod" finished-at="2021-09-21T17:31:29Z" duration-ms="11948" status="PASS">
          <reporter-output>
          </reporter-output>
        </test-method> <!-- beforeMethod -->
        <test-method signature="forgotPassword()[pri:0, instance:com.saucedemo.swaglabs.testCases.ForgotPassword@3444d69d]" started-at="2021-09-21T17:31:29Z" name="forgotPassword" finished-at="2021-09-21T17:31:43Z" duration-ms="14111" status="PASS">
          <reporter-output>
          </reporter-output>
        </test-method> <!-- forgotPassword -->
        <test-method is-config="true" signature="afterTest()[pri:0, instance:com.saucedemo.swaglabs.testCases.ForgotPassword@3444d69d]" started-at="2021-09-21T17:31:43Z" name="afterTest" finished-at="2021-09-21T17:31:43Z" duration-ms="0" status="PASS">
          <reporter-output>
          </reporter-output>
        </test-method> <!-- afterTest -->
        <test-method is-config="true" signature="afterClass()[pri:0, instance:com.saucedemo.swaglabs.testCases.ForgotPassword@3444d69d]" started-at="2021-09-21T17:31:43Z" name="afterClass" finished-at="2021-09-21T17:31:43Z" duration-ms="330" status="PASS">
          <reporter-output>
          </reporter-output>
        </test-method> <!-- afterClass -->
      </class> <!-- com.saucedemo.swaglabs.testCases.ForgotPassword -->
      <class name="com.saucedemo.swaglabs.testCases.FormAuth">
        <test-method is-config="true" signature="beforeClass()[pri:0, instance:com.saucedemo.swaglabs.testCases.FormAuth@1372ed45]" started-at="2021-09-21T17:31:43Z" name="beforeClass" finished-at="2021-09-21T17:31:45Z" duration-ms="1566" status="PASS">
          <reporter-output>
          </reporter-output>
        </test-method> <!-- beforeClass -->
        <test-method is-config="true" signature="beforeMethod()[pri:0, instance:com.saucedemo.swaglabs.testCases.FormAuth@1372ed45]" started-at="2021-09-21T17:31:45Z" name="beforeMethod" finished-at="2021-09-21T17:31:54Z" duration-ms="9334" status="PASS">
          <reporter-output>
          </reporter-output>
        </test-method> <!-- beforeMethod -->
        <test-method signature="formAuth()[pri:0, instance:com.saucedemo.swaglabs.testCases.FormAuth@1372ed45]" started-at="2021-09-21T17:31:54Z" name="formAuth" finished-at="2021-09-21T17:32:17Z" duration-ms="22969" status="PASS">
          <reporter-output>
          </reporter-output>
        </test-method> <!-- formAuth -->
        <test-method is-config="true" signature="afterClass()[pri:0, instance:com.saucedemo.swaglabs.testCases.FormAuth@1372ed45]" started-at="2021-09-21T17:32:17Z" name="afterClass" finished-at="2021-09-21T17:32:18Z" duration-ms="542" status="PASS">
          <reporter-output>
          </reporter-output>
        </test-method> <!-- afterClass -->
        <test-method is-config="true" signature="afterTest()[pri:0, instance:com.saucedemo.swaglabs.testCases.FormAuth@1372ed45]" started-at="2021-09-21T17:32:17Z" name="afterTest" finished-at="2021-09-21T17:32:17Z" duration-ms="0" status="PASS">
          <reporter-output>
          </reporter-output>
        </test-method> <!-- afterTest -->
      </class> <!-- com.saucedemo.swaglabs.testCases.FormAuth -->
      <class name="com.saucedemo.swaglabs.testCases.Input">
        <test-method is-config="true" signature="beforeClass()[pri:0, instance:com.saucedemo.swaglabs.testCases.Input@21a947fe]" started-at="2021-09-21T17:34:22Z" name="beforeClass" finished-at="2021-09-21T17:34:24Z" duration-ms="1877" status="PASS">
          <reporter-output>
          </reporter-output>
        </test-method> <!-- beforeClass -->
        <test-method is-config="true" signature="beforeMethod()[pri:0, instance:com.saucedemo.swaglabs.testCases.Input@21a947fe]" started-at="2021-09-21T17:34:24Z" name="beforeMethod" finished-at="2021-09-21T17:34:32Z" duration-ms="7901" status="PASS">
          <reporter-output>
          </reporter-output>
        </test-method> <!-- beforeMethod -->
        <test-method signature="input()[pri:0, instance:com.saucedemo.swaglabs.testCases.Input@21a947fe]" started-at="2021-09-21T17:34:32Z" name="input" finished-at="2021-09-21T17:34:44Z" duration-ms="12131" status="PASS">
          <reporter-output>
          </reporter-output>
        </test-method> <!-- input -->
        <test-method is-config="true" signature="afterTest()[pri:0, instance:com.saucedemo.swaglabs.testCases.Input@21a947fe]" started-at="2021-09-21T17:34:44Z" name="afterTest" finished-at="2021-09-21T17:34:44Z" duration-ms="1" status="PASS">
          <reporter-output>
          </reporter-output>
        </test-method> <!-- afterTest -->
        <test-method is-config="true" signature="afterClass()[pri:0, instance:com.saucedemo.swaglabs.testCases.Input@21a947fe]" started-at="2021-09-21T17:34:44Z" name="afterClass" finished-at="2021-09-21T17:34:45Z" duration-ms="791" status="PASS">
          <reporter-output>
          </reporter-output>
        </test-method> <!-- afterClass -->
      </class> <!-- com.saucedemo.swaglabs.testCases.Input -->
      <class name="com.saucedemo.swaglabs.testCases.RedirectLink">
        <test-method is-config="true" signature="beforeClass()[pri:0, instance:com.saucedemo.swaglabs.testCases.RedirectLink@12405818]" started-at="2021-09-21T17:37:31Z" name="beforeClass" finished-at="2021-09-21T17:37:32Z" duration-ms="1661" status="PASS">
          <reporter-output>
          </reporter-output>
        </test-method> <!-- beforeClass -->
        <test-method is-config="true" signature="beforeMethod()[pri:0, instance:com.saucedemo.swaglabs.testCases.RedirectLink@12405818]" started-at="2021-09-21T17:37:32Z" name="beforeMethod" finished-at="2021-09-21T17:37:44Z" duration-ms="11831" status="PASS">
          <reporter-output>
          </reporter-output>
        </test-method> <!-- beforeMethod -->
        <test-method signature="redirectLink()[pri:0, instance:com.saucedemo.swaglabs.testCases.RedirectLink@12405818]" started-at="2021-09-21T17:37:44Z" name="redirectLink" finished-at="2021-09-21T17:38:42Z" duration-ms="58034" status="PASS">
          <reporter-output>
          </reporter-output>
        </test-method> <!-- redirectLink -->
        <test-method is-config="true" signature="afterTest()[pri:0, instance:com.saucedemo.swaglabs.testCases.RedirectLink@12405818]" started-at="2021-09-21T17:38:42Z" name="afterTest" finished-at="2021-09-21T17:38:42Z" duration-ms="0" status="PASS">
          <reporter-output>
          </reporter-output>
        </test-method> <!-- afterTest -->
        <test-method is-config="true" signature="afterClass()[pri:0, instance:com.saucedemo.swaglabs.testCases.RedirectLink@12405818]" started-at="2021-09-21T17:38:42Z" name="afterClass" finished-at="2021-09-21T17:38:42Z" duration-ms="353" status="PASS">
          <reporter-output>
          </reporter-output>
        </test-method> <!-- afterClass -->
      </class> <!-- com.saucedemo.swaglabs.testCases.RedirectLink -->
      <class name="com.saucedemo.swaglabs.testCases.FileUpload">
        <test-method is-config="true" signature="beforeClass()[pri:0, instance:com.saucedemo.swaglabs.testCases.FileUpload@120d6fe6]" started-at="2021-09-21T17:29:58Z" name="beforeClass" finished-at="2021-09-21T17:29:59Z" duration-ms="1368" status="PASS">
          <reporter-output>
          </reporter-output>
        </test-method> <!-- beforeClass -->
        <test-method is-config="true" signature="beforeMethod()[pri:0, instance:com.saucedemo.swaglabs.testCases.FileUpload@120d6fe6]" started-at="2021-09-21T17:29:59Z" name="beforeMethod" finished-at="2021-09-21T17:30:08Z" duration-ms="8986" status="PASS">
          <reporter-output>
          </reporter-output>
        </test-method> <!-- beforeMethod -->
        <test-method signature="fileUpload()[pri:0, instance:com.saucedemo.swaglabs.testCases.FileUpload@120d6fe6]" started-at="2021-09-21T17:30:08Z" name="fileUpload" finished-at="2021-09-21T17:30:47Z" duration-ms="39085" status="PASS">
          <reporter-output>
          </reporter-output>
        </test-method> <!-- fileUpload -->
        <test-method is-config="true" signature="afterClass()[pri:0, instance:com.saucedemo.swaglabs.testCases.FileUpload@120d6fe6]" started-at="2021-09-21T17:30:47Z" name="afterClass" finished-at="2021-09-21T17:30:48Z" duration-ms="1162" status="PASS">
          <reporter-output>
          </reporter-output>
        </test-method> <!-- afterClass -->
        <test-method is-config="true" signature="afterTest()[pri:0, instance:com.saucedemo.swaglabs.testCases.FileUpload@120d6fe6]" started-at="2021-09-21T17:30:47Z" name="afterTest" finished-at="2021-09-21T17:30:47Z" duration-ms="0" status="PASS">
          <reporter-output>
          </reporter-output>
        </test-method> <!-- afterTest -->
      </class> <!-- com.saucedemo.swaglabs.testCases.FileUpload -->
      <class name="com.saucedemo.swaglabs.testCases.ContextMenu">
        <test-method is-config="true" signature="beforeClass()[pri:0, instance:com.saucedemo.swaglabs.testCases.ContextMenu@11e21d0e]" started-at="2021-09-21T17:24:11Z" name="beforeClass" finished-at="2021-09-21T17:24:12Z" duration-ms="1358" status="PASS">
          <reporter-output>
          </reporter-output>
        </test-method> <!-- beforeClass -->
        <test-method is-config="true" signature="beforeMethod()[pri:0, instance:com.saucedemo.swaglabs.testCases.ContextMenu@11e21d0e]" started-at="2021-09-21T17:24:12Z" name="beforeMethod" finished-at="2021-09-21T17:24:23Z" duration-ms="10336" status="PASS">
          <reporter-output>
          </reporter-output>
        </test-method> <!-- beforeMethod -->
        <test-method signature="contextMenu()[pri:0, instance:com.saucedemo.swaglabs.testCases.ContextMenu@11e21d0e]" started-at="2021-09-21T17:24:23Z" name="contextMenu" finished-at="2021-09-21T17:24:34Z" duration-ms="11382" status="PASS">
          <reporter-output>
          </reporter-output>
        </test-method> <!-- contextMenu -->
        <test-method is-config="true" signature="afterClass()[pri:0, instance:com.saucedemo.swaglabs.testCases.ContextMenu@11e21d0e]" started-at="2021-09-21T17:24:34Z" name="afterClass" finished-at="2021-09-21T17:24:34Z" duration-ms="362" status="PASS">
          <reporter-output>
          </reporter-output>
        </test-method> <!-- afterClass -->
        <test-method is-config="true" signature="afterTest()[pri:0, instance:com.saucedemo.swaglabs.testCases.ContextMenu@11e21d0e]" started-at="2021-09-21T17:24:34Z" name="afterTest" finished-at="2021-09-21T17:24:34Z" duration-ms="0" status="PASS">
          <reporter-output>
          </reporter-output>
        </test-method> <!-- afterTest -->
      </class> <!-- com.saucedemo.swaglabs.testCases.ContextMenu -->
      <class name="com.saucedemo.swaglabs.testCases.NestedFrames">
        <test-method is-config="true" signature="beforeClass()[pri:0, instance:com.saucedemo.swaglabs.testCases.NestedFrames@6a396c1e]" started-at="2021-09-21T17:36:29Z" name="beforeClass" finished-at="2021-09-21T17:36:30Z" duration-ms="1269" status="PASS">
          <reporter-output>
          </reporter-output>
        </test-method> <!-- beforeClass -->
        <test-method is-config="true" signature="beforeMethod()[pri:0, instance:com.saucedemo.swaglabs.testCases.NestedFrames@6a396c1e]" started-at="2021-09-21T17:36:30Z" name="beforeMethod" finished-at="2021-09-21T17:36:40Z" duration-ms="9803" status="PASS">
          <reporter-output>
          </reporter-output>
        </test-method> <!-- beforeMethod -->
        <test-method signature="nestedFrames()[pri:0, instance:com.saucedemo.swaglabs.testCases.NestedFrames@6a396c1e]" started-at="2021-09-21T17:36:40Z" name="nestedFrames" finished-at="2021-09-21T17:37:00Z" duration-ms="19545" status="PASS">
          <reporter-output>
          </reporter-output>
        </test-method> <!-- nestedFrames -->
        <test-method is-config="true" signature="afterTest()[pri:0, instance:com.saucedemo.swaglabs.testCases.NestedFrames@6a396c1e]" started-at="2021-09-21T17:37:00Z" name="afterTest" finished-at="2021-09-21T17:37:00Z" duration-ms="0" status="PASS">
          <reporter-output>
          </reporter-output>
        </test-method> <!-- afterTest -->
        <test-method is-config="true" signature="afterClass()[pri:0, instance:com.saucedemo.swaglabs.testCases.NestedFrames@6a396c1e]" started-at="2021-09-21T17:37:00Z" name="afterClass" finished-at="2021-09-21T17:37:00Z" duration-ms="339" status="PASS">
          <reporter-output>
          </reporter-output>
        </test-method> <!-- afterClass -->
      </class> <!-- com.saucedemo.swaglabs.testCases.NestedFrames -->
      <class name="com.saucedemo.swaglabs.testCases.FileDownload">
        <test-method is-config="true" signature="beforeClass()[pri:0, instance:com.saucedemo.swaglabs.testCases.FileDownload@4ba2ca36]" started-at="2021-09-21T17:30:48Z" name="beforeClass" finished-at="2021-09-21T17:30:50Z" duration-ms="1823" status="PASS">
          <reporter-output>
          </reporter-output>
        </test-method> <!-- beforeClass -->
        <test-method is-config="true" signature="beforeMethod()[pri:0, instance:com.saucedemo.swaglabs.testCases.FileDownload@4ba2ca36]" started-at="2021-09-21T17:30:50Z" name="beforeMethod" finished-at="2021-09-21T17:31:01Z" duration-ms="10742" status="PASS">
          <reporter-output>
          </reporter-output>
        </test-method> <!-- beforeMethod -->
        <test-method signature="fileDownload()[pri:0, instance:com.saucedemo.swaglabs.testCases.FileDownload@4ba2ca36]" started-at="2021-09-21T17:31:01Z" name="fileDownload" finished-at="2021-09-21T17:31:15Z" duration-ms="14275" status="PASS">
          <reporter-output>
          </reporter-output>
        </test-method> <!-- fileDownload -->
        <test-method is-config="true" signature="afterTest()[pri:0, instance:com.saucedemo.swaglabs.testCases.FileDownload@4ba2ca36]" started-at="2021-09-21T17:31:15Z" name="afterTest" finished-at="2021-09-21T17:31:15Z" duration-ms="0" status="PASS">
          <reporter-output>
          </reporter-output>
        </test-method> <!-- afterTest -->
        <test-method is-config="true" signature="afterClass()[pri:0, instance:com.saucedemo.swaglabs.testCases.FileDownload@4ba2ca36]" started-at="2021-09-21T17:31:15Z" name="afterClass" finished-at="2021-09-21T17:31:15Z" duration-ms="332" status="PASS">
          <reporter-output>
          </reporter-output>
        </test-method> <!-- afterClass -->
      </class> <!-- com.saucedemo.swaglabs.testCases.FileDownload -->
      <class name="com.saucedemo.swaglabs.testCases.JavaScriptAlert">
        <test-method is-config="true" signature="beforeClass()[pri:0, instance:com.saucedemo.swaglabs.testCases.JavaScriptAlert@5606c0b]" started-at="2021-09-21T17:34:45Z" name="beforeClass" finished-at="2021-09-21T17:34:47Z" duration-ms="1890" status="PASS">
          <reporter-output>
          </reporter-output>
        </test-method> <!-- beforeClass -->
        <test-method is-config="true" signature="beforeMethod()[pri:0, instance:com.saucedemo.swaglabs.testCases.JavaScriptAlert@5606c0b]" started-at="2021-09-21T17:34:47Z" name="beforeMethod" finished-at="2021-09-21T17:34:55Z" duration-ms="8004" status="PASS">
          <reporter-output>
          </reporter-output>
        </test-method> <!-- beforeMethod -->
        <test-method signature="javaScriptAlert()[pri:0, instance:com.saucedemo.swaglabs.testCases.JavaScriptAlert@5606c0b]" started-at="2021-09-21T17:34:55Z" name="javaScriptAlert" finished-at="2021-09-21T17:35:24Z" duration-ms="28619" status="PASS">
          <reporter-output>
          </reporter-output>
        </test-method> <!-- javaScriptAlert -->
        <test-method is-config="true" signature="afterTest()[pri:0, instance:com.saucedemo.swaglabs.testCases.JavaScriptAlert@5606c0b]" started-at="2021-09-21T17:35:24Z" name="afterTest" finished-at="2021-09-21T17:35:24Z" duration-ms="0" status="PASS">
          <reporter-output>
          </reporter-output>
        </test-method> <!-- afterTest -->
        <test-method is-config="true" signature="afterClass()[pri:0, instance:com.saucedemo.swaglabs.testCases.JavaScriptAlert@5606c0b]" started-at="2021-09-21T17:35:24Z" name="afterClass" finished-at="2021-09-21T17:35:24Z" duration-ms="282" status="PASS">
          <reporter-output>
          </reporter-output>
        </test-method> <!-- afterClass -->
      </class> <!-- com.saucedemo.swaglabs.testCases.JavaScriptAlert -->
      <class name="com.saucedemo.swaglabs.testCases.NotificationMessage">
        <test-method is-config="true" signature="beforeClass()[pri:0, instance:com.saucedemo.swaglabs.testCases.NotificationMessage@6c3f5566]" started-at="2021-09-21T17:37:00Z" name="beforeClass" finished-at="2021-09-21T17:37:01Z" duration-ms="1262" status="PASS">
          <reporter-output>
          </reporter-output>
        </test-method> <!-- beforeClass -->
        <test-method is-config="true" signature="beforeMethod()[pri:0, instance:com.saucedemo.swaglabs.testCases.NotificationMessage@6c3f5566]" started-at="2021-09-21T17:37:01Z" name="beforeMethod" finished-at="2021-09-21T17:37:09Z" duration-ms="8170" status="PASS">
          <reporter-output>
          </reporter-output>
        </test-method> <!-- beforeMethod -->
        <test-method signature="notificationMessage()[pri:0, instance:com.saucedemo.swaglabs.testCases.NotificationMessage@6c3f5566]" started-at="2021-09-21T17:37:09Z" name="notificationMessage" finished-at="2021-09-21T17:37:30Z" duration-ms="20573" status="PASS">
          <reporter-output>
          </reporter-output>
        </test-method> <!-- notificationMessage -->
        <test-method is-config="true" signature="afterClass()[pri:0, instance:com.saucedemo.swaglabs.testCases.NotificationMessage@6c3f5566]" started-at="2021-09-21T17:37:30Z" name="afterClass" finished-at="2021-09-21T17:37:31Z" duration-ms="589" status="PASS">
          <reporter-output>
          </reporter-output>
        </test-method> <!-- afterClass -->
        <test-method is-config="true" signature="afterTest()[pri:0, instance:com.saucedemo.swaglabs.testCases.NotificationMessage@6c3f5566]" started-at="2021-09-21T17:37:30Z" name="afterTest" finished-at="2021-09-21T17:37:30Z" duration-ms="0" status="PASS">
          <reporter-output>
          </reporter-output>
        </test-method> <!-- afterTest -->
      </class> <!-- com.saucedemo.swaglabs.testCases.NotificationMessage -->
      <class name="com.saucedemo.swaglabs.testCases.BrokenImage">
        <test-method is-config="true" signature="beforeClass()[pri:0, instance:com.saucedemo.swaglabs.testCases.BrokenImage@b59d31]" started-at="2021-09-21T17:23:18Z" name="beforeClass" finished-at="2021-09-21T17:23:20Z" duration-ms="1440" status="PASS">
          <reporter-output>
          </reporter-output>
        </test-method> <!-- beforeClass -->
        <test-method is-config="true" signature="beforeMethod()[pri:0, instance:com.saucedemo.swaglabs.testCases.BrokenImage@b59d31]" started-at="2021-09-21T17:23:20Z" name="beforeMethod" finished-at="2021-09-21T17:23:28Z" duration-ms="8453" status="PASS">
          <reporter-output>
          </reporter-output>
        </test-method> <!-- beforeMethod -->
        <test-method signature="brokenImage()[pri:0, instance:com.saucedemo.swaglabs.testCases.BrokenImage@b59d31]" started-at="2021-09-21T17:23:28Z" name="brokenImage" finished-at="2021-09-21T17:23:44Z" duration-ms="16256" status="PASS">
          <reporter-output>
          </reporter-output>
        </test-method> <!-- brokenImage -->
        <test-method is-config="true" signature="afterClass()[pri:0, instance:com.saucedemo.swaglabs.testCases.BrokenImage@b59d31]" started-at="2021-09-21T17:23:44Z" name="afterClass" finished-at="2021-09-21T17:23:45Z" duration-ms="376" status="PASS">
          <reporter-output>
          </reporter-output>
        </test-method> <!-- afterClass -->
        <test-method is-config="true" signature="afterTest()[pri:0, instance:com.saucedemo.swaglabs.testCases.BrokenImage@b59d31]" started-at="2021-09-21T17:23:44Z" name="afterTest" finished-at="2021-09-21T17:23:44Z" duration-ms="0" status="PASS">
          <reporter-output>
          </reporter-output>
        </test-method> <!-- afterTest -->
      </class> <!-- com.saucedemo.swaglabs.testCases.BrokenImage -->
      <class name="com.saucedemo.swaglabs.testCases.DigestAuthentication">
        <test-method is-config="true" signature="beforeClass()[pri:0, instance:com.saucedemo.swaglabs.testCases.DigestAuthentication@1dd02175]" started-at="2021-09-21T17:24:34Z" name="beforeClass" finished-at="2021-09-21T17:24:36Z" duration-ms="1338" status="PASS">
          <reporter-output>
          </reporter-output>
        </test-method> <!-- beforeClass -->
        <test-method is-config="true" signature="beforeMethod()[pri:0, instance:com.saucedemo.swaglabs.testCases.DigestAuthentication@1dd02175]" started-at="2021-09-21T17:24:36Z" name="beforeMethod" finished-at="2021-09-21T17:24:45Z" duration-ms="8761" status="PASS">
          <reporter-output>
          </reporter-output>
        </test-method> <!-- beforeMethod -->
        <test-method signature="digestAuthentication()[pri:0, instance:com.saucedemo.swaglabs.testCases.DigestAuthentication@1dd02175]" started-at="2021-09-21T17:24:45Z" name="digestAuthentication" finished-at="2021-09-21T17:24:54Z" duration-ms="9347" status="PASS">
          <reporter-output>
          </reporter-output>
        </test-method> <!-- digestAuthentication -->
        <test-method is-config="true" signature="afterTest()[pri:0, instance:com.saucedemo.swaglabs.testCases.DigestAuthentication@1dd02175]" started-at="2021-09-21T17:24:54Z" name="afterTest" finished-at="2021-09-21T17:24:54Z" duration-ms="1" status="PASS">
          <reporter-output>
          </reporter-output>
        </test-method> <!-- afterTest -->
        <test-method is-config="true" signature="afterClass()[pri:0, instance:com.saucedemo.swaglabs.testCases.DigestAuthentication@1dd02175]" started-at="2021-09-21T17:24:54Z" name="afterClass" finished-at="2021-09-21T17:24:55Z" duration-ms="847" status="PASS">
          <reporter-output>
          </reporter-output>
        </test-method> <!-- afterClass -->
      </class> <!-- com.saucedemo.swaglabs.testCases.DigestAuthentication -->
      <class name="com.saucedemo.swaglabs.testCases.ScreenshotOfWebpage">
        <test-method is-config="true" signature="beforeClass()[pri:0, instance:com.saucedemo.swaglabs.testCases.ScreenshotOfWebpage@314c508a]" started-at="2021-09-21T17:38:42Z" name="beforeClass" finished-at="2021-09-21T17:38:44Z" duration-ms="1702" status="PASS">
          <reporter-output>
          </reporter-output>
        </test-method> <!-- beforeClass -->
        <test-method is-config="true" signature="beforeMethod()[pri:0, instance:com.saucedemo.swaglabs.testCases.ScreenshotOfWebpage@314c508a]" started-at="2021-09-21T17:38:44Z" name="beforeMethod" finished-at="2021-09-21T17:38:55Z" duration-ms="11125" status="PASS">
          <reporter-output>
          </reporter-output>
        </test-method> <!-- beforeMethod -->
        <test-method signature="screenshotOfWebpage()[pri:0, instance:com.saucedemo.swaglabs.testCases.ScreenshotOfWebpage@314c508a]" started-at="2021-09-21T17:38:55Z" name="screenshotOfWebpage" finished-at="2021-09-21T17:38:56Z" duration-ms="794" status="PASS">
          <reporter-output>
          </reporter-output>
        </test-method> <!-- screenshotOfWebpage -->
        <test-method is-config="true" signature="afterTest()[pri:0, instance:com.saucedemo.swaglabs.testCases.ScreenshotOfWebpage@314c508a]" started-at="2021-09-21T17:38:56Z" name="afterTest" finished-at="2021-09-21T17:38:56Z" duration-ms="0" status="PASS">
          <reporter-output>
          </reporter-output>
        </test-method> <!-- afterTest -->
        <test-method is-config="true" signature="afterClass()[pri:0, instance:com.saucedemo.swaglabs.testCases.ScreenshotOfWebpage@314c508a]" started-at="2021-09-21T17:38:56Z" name="afterClass" finished-at="2021-09-21T17:38:57Z" duration-ms="513" status="PASS">
          <reporter-output>
          </reporter-output>
        </test-method> <!-- afterClass -->
      </class> <!-- com.saucedemo.swaglabs.testCases.ScreenshotOfWebpage -->
      <class name="com.saucedemo.swaglabs.testCases.ScreenshotOfAnElement">
        <test-method is-config="true" signature="beforeClass()[pri:0, instance:com.saucedemo.swaglabs.testCases.ScreenshotOfAnElement@10b48321]" started-at="2021-09-21T17:38:57Z" name="beforeClass" finished-at="2021-09-21T17:38:58Z" duration-ms="1610" status="PASS">
          <reporter-output>
          </reporter-output>
        </test-method> <!-- beforeClass -->
        <test-method is-config="true" signature="beforeMethod()[pri:0, instance:com.saucedemo.swaglabs.testCases.ScreenshotOfAnElement@10b48321]" started-at="2021-09-21T17:38:58Z" name="beforeMethod" finished-at="2021-09-21T17:39:11Z" duration-ms="12430" status="PASS">
          <reporter-output>
          </reporter-output>
        </test-method> <!-- beforeMethod -->
        <test-method signature="screenshotOfAnElement()[pri:0, instance:com.saucedemo.swaglabs.testCases.ScreenshotOfAnElement@10b48321]" started-at="2021-09-21T17:39:11Z" name="screenshotOfAnElement" finished-at="2021-09-21T17:39:12Z" duration-ms="1370" status="PASS">
          <reporter-output>
          </reporter-output>
        </test-method> <!-- screenshotOfAnElement -->
        <test-method is-config="true" signature="afterTest()[pri:0, instance:com.saucedemo.swaglabs.testCases.ScreenshotOfAnElement@10b48321]" started-at="2021-09-21T17:39:12Z" name="afterTest" finished-at="2021-09-21T17:39:12Z" duration-ms="1" status="PASS">
          <reporter-output>
          </reporter-output>
        </test-method> <!-- afterTest -->
        <test-method is-config="true" signature="afterClass()[pri:0, instance:com.saucedemo.swaglabs.testCases.ScreenshotOfAnElement@10b48321]" started-at="2021-09-21T17:39:12Z" name="afterClass" finished-at="2021-09-21T17:39:13Z" duration-ms="478" status="PASS">
          <reporter-output>
          </reporter-output>
        </test-method> <!-- afterClass -->
      </class> <!-- com.saucedemo.swaglabs.testCases.ScreenshotOfAnElement -->
      <class name="com.saucedemo.swaglabs.testCases.BasicAuth">
        <test-method is-config="true" signature="beforeClass()[pri:0, instance:com.saucedemo.swaglabs.testCases.BasicAuth@4df828d7]" started-at="2021-09-21T17:22:56Z" name="beforeClass" finished-at="2021-09-21T17:22:57Z" duration-ms="1358" status="PASS">
          <reporter-output>
          </reporter-output>
        </test-method> <!-- beforeClass -->
        <test-method is-config="true" signature="beforeMethod()[pri:0, instance:com.saucedemo.swaglabs.testCases.BasicAuth@4df828d7]" started-at="2021-09-21T17:22:57Z" name="beforeMethod" finished-at="2021-09-21T17:23:05Z" duration-ms="8005" status="PASS">
          <reporter-output>
          </reporter-output>
        </test-method> <!-- beforeMethod -->
        <test-method signature="basicAuth()[pri:0, instance:com.saucedemo.swaglabs.testCases.BasicAuth@4df828d7]" started-at="2021-09-21T17:23:05Z" name="basicAuth" finished-at="2021-09-21T17:23:18Z" duration-ms="12540" status="PASS">
          <reporter-output>
          </reporter-output>
        </test-method> <!-- basicAuth -->
        <test-method is-config="true" signature="afterTest()[pri:0, instance:com.saucedemo.swaglabs.testCases.BasicAuth@4df828d7]" started-at="2021-09-21T17:23:18Z" name="afterTest" finished-at="2021-09-21T17:23:18Z" duration-ms="0" status="PASS">
          <reporter-output>
          </reporter-output>
        </test-method> <!-- afterTest -->
        <test-method is-config="true" signature="afterClass()[pri:0, instance:com.saucedemo.swaglabs.testCases.BasicAuth@4df828d7]" started-at="2021-09-21T17:23:18Z" name="afterClass" finished-at="2021-09-21T17:23:18Z" duration-ms="399" status="PASS">
          <reporter-output>
          </reporter-output>
        </test-method> <!-- afterClass -->
      </class> <!-- com.saucedemo.swaglabs.testCases.BasicAuth -->
      <class name="com.saucedemo.swaglabs.testCases.DisappearingElements">
        <test-method is-config="true" signature="beforeClass()[pri:0, instance:com.saucedemo.swaglabs.testCases.DisappearingElements@31206beb]" started-at="2021-09-21T17:24:55Z" name="beforeClass" finished-at="2021-09-21T17:24:57Z" duration-ms="1822" status="PASS">
          <reporter-output>
          </reporter-output>
        </test-method> <!-- beforeClass -->
        <test-method is-config="true" signature="beforeMethod()[pri:0, instance:com.saucedemo.swaglabs.testCases.DisappearingElements@31206beb]" started-at="2021-09-21T17:24:57Z" name="beforeMethod" finished-at="2021-09-21T17:25:08Z" duration-ms="11437" status="PASS">
          <reporter-output>
          </reporter-output>
        </test-method> <!-- beforeMethod -->
        <test-method signature="disappearingElements()[pri:0, instance:com.saucedemo.swaglabs.testCases.DisappearingElements@31206beb]" started-at="2021-09-21T17:25:08Z" name="disappearingElements" finished-at="2021-09-21T17:25:36Z" duration-ms="28078" status="PASS">
          <reporter-output>
          </reporter-output>
        </test-method> <!-- disappearingElements -->
        <test-method is-config="true" signature="afterTest()[pri:0, instance:com.saucedemo.swaglabs.testCases.DisappearingElements@31206beb]" started-at="2021-09-21T17:25:36Z" name="afterTest" finished-at="2021-09-21T17:25:36Z" duration-ms="0" status="PASS">
          <reporter-output>
          </reporter-output>
        </test-method> <!-- afterTest -->
        <test-method is-config="true" signature="afterClass()[pri:0, instance:com.saucedemo.swaglabs.testCases.DisappearingElements@31206beb]" started-at="2021-09-21T17:25:36Z" name="afterClass" finished-at="2021-09-21T17:25:36Z" duration-ms="346" status="PASS">
          <reporter-output>
          </reporter-output>
        </test-method> <!-- afterClass -->
      </class> <!-- com.saucedemo.swaglabs.testCases.DisappearingElements -->
      <class name="com.saucedemo.swaglabs.testCases.DropDown">
        <test-method is-config="true" signature="beforeClass()[pri:0, instance:com.saucedemo.swaglabs.testCases.DropDown@3ffcd140]" started-at="2021-09-21T17:28:19Z" name="beforeClass" finished-at="2021-09-21T17:28:20Z" duration-ms="1374" status="PASS">
          <reporter-output>
          </reporter-output>
        </test-method> <!-- beforeClass -->
        <test-method is-config="true" signature="beforeMethod()[pri:0, instance:com.saucedemo.swaglabs.testCases.DropDown@3ffcd140]" started-at="2021-09-21T17:28:20Z" name="beforeMethod" finished-at="2021-09-21T17:28:29Z" duration-ms="9128" status="PASS">
          <reporter-output>
          </reporter-output>
        </test-method> <!-- beforeMethod -->
        <test-method signature="dropDown()[pri:0, instance:com.saucedemo.swaglabs.testCases.DropDown@3ffcd140]" started-at="2021-09-21T17:28:29Z" name="dropDown" finished-at="2021-09-21T17:28:56Z" duration-ms="26778" status="PASS">
          <reporter-output>
          </reporter-output>
        </test-method> <!-- dropDown -->
        <test-method is-config="true" signature="afterClass()[pri:0, instance:com.saucedemo.swaglabs.testCases.DropDown@3ffcd140]" started-at="2021-09-21T17:28:56Z" name="afterClass" finished-at="2021-09-21T17:28:57Z" duration-ms="309" status="PASS">
          <reporter-output>
          </reporter-output>
        </test-method> <!-- afterClass -->
        <test-method is-config="true" signature="afterTest()[pri:0, instance:com.saucedemo.swaglabs.testCases.DropDown@3ffcd140]" started-at="2021-09-21T17:28:56Z" name="afterTest" finished-at="2021-09-21T17:28:56Z" duration-ms="0" status="PASS">
          <reporter-output>
          </reporter-output>
        </test-method> <!-- afterTest -->
      </class> <!-- com.saucedemo.swaglabs.testCases.DropDown -->
      <class name="com.saucedemo.swaglabs.testCases.Checkboxes">
        <test-method is-config="true" signature="beforeClass()[pri:0, instance:com.saucedemo.swaglabs.testCases.Checkboxes@62fdb4a6]" started-at="2021-09-21T17:23:45Z" name="beforeClass" finished-at="2021-09-21T17:23:46Z" duration-ms="1348" status="PASS">
          <reporter-output>
          </reporter-output>
        </test-method> <!-- beforeClass -->
        <test-method is-config="true" signature="beforeMethod()[pri:0, instance:com.saucedemo.swaglabs.testCases.Checkboxes@62fdb4a6]" started-at="2021-09-21T17:23:46Z" name="beforeMethod" finished-at="2021-09-21T17:24:00Z" duration-ms="14077" status="PASS">
          <reporter-output>
          </reporter-output>
        </test-method> <!-- beforeMethod -->
        <test-method signature="checkboxes()[pri:0, instance:com.saucedemo.swaglabs.testCases.Checkboxes@62fdb4a6]" started-at="2021-09-21T17:24:00Z" name="checkboxes" finished-at="2021-09-21T17:24:11Z" duration-ms="10433" status="PASS">
          <reporter-output>
          </reporter-output>
        </test-method> <!-- checkboxes -->
        <test-method is-config="true" signature="afterTest()[pri:0, instance:com.saucedemo.swaglabs.testCases.Checkboxes@62fdb4a6]" started-at="2021-09-21T17:24:11Z" name="afterTest" finished-at="2021-09-21T17:24:11Z" duration-ms="0" status="PASS">
          <reporter-output>
          </reporter-output>
        </test-method> <!-- afterTest -->
        <test-method is-config="true" signature="afterClass()[pri:0, instance:com.saucedemo.swaglabs.testCases.Checkboxes@62fdb4a6]" started-at="2021-09-21T17:24:11Z" name="afterClass" finished-at="2021-09-21T17:24:11Z" duration-ms="326" status="PASS">
          <reporter-output>
          </reporter-output>
        </test-method> <!-- afterClass -->
      </class> <!-- com.saucedemo.swaglabs.testCases.Checkboxes -->
      <class name="com.saucedemo.swaglabs.testCases.HorizontalSlider">
        <test-method is-config="true" signature="beforeClass()[pri:0, instance:com.saucedemo.swaglabs.testCases.HorizontalSlider@6a79c292]" started-at="2021-09-21T17:32:18Z" name="beforeClass" finished-at="2021-09-21T17:32:19Z" duration-ms="1298" status="PASS">
          <reporter-output>
          </reporter-output>
        </test-method> <!-- beforeClass -->
        <test-method is-config="true" signature="beforeMethod()[pri:0, instance:com.saucedemo.swaglabs.testCases.HorizontalSlider@6a79c292]" started-at="2021-09-21T17:32:19Z" name="beforeMethod" finished-at="2021-09-21T17:32:30Z" duration-ms="10454" status="PASS">
          <reporter-output>
          </reporter-output>
        </test-method> <!-- beforeMethod -->
        <test-method signature="horizontalSlider()[pri:0, instance:com.saucedemo.swaglabs.testCases.HorizontalSlider@6a79c292]" started-at="2021-09-21T17:32:30Z" name="horizontalSlider" finished-at="2021-09-21T17:32:38Z" duration-ms="8382" status="PASS">
          <reporter-output>
          </reporter-output>
        </test-method> <!-- horizontalSlider -->
        <test-method is-config="true" signature="afterTest()[pri:0, instance:com.saucedemo.swaglabs.testCases.HorizontalSlider@6a79c292]" started-at="2021-09-21T17:32:38Z" name="afterTest" finished-at="2021-09-21T17:32:38Z" duration-ms="2" status="PASS">
          <reporter-output>
          </reporter-output>
        </test-method> <!-- afterTest -->
        <test-method is-config="true" signature="afterClass()[pri:0, instance:com.saucedemo.swaglabs.testCases.HorizontalSlider@6a79c292]" started-at="2021-09-21T17:32:38Z" name="afterClass" finished-at="2021-09-21T17:32:38Z" duration-ms="343" status="PASS">
          <reporter-output>
          </reporter-output>
        </test-method> <!-- afterClass -->
      </class> <!-- com.saucedemo.swaglabs.testCases.HorizontalSlider -->
      <class name="com.saucedemo.swaglabs.testCases.FullPageScreenShot">
        <test-method is-config="true" signature="beforeClass()[pri:0, instance:com.saucedemo.swaglabs.testCases.FullPageScreenShot@6b67034]" started-at="2021-09-21T17:39:13Z" name="beforeClass" finished-at="2021-09-21T17:39:14Z" duration-ms="1564" status="PASS">
          <reporter-output>
          </reporter-output>
        </test-method> <!-- beforeClass -->
        <test-method is-config="true" signature="beforeMethod()[pri:0, instance:com.saucedemo.swaglabs.testCases.FullPageScreenShot@6b67034]" started-at="2021-09-21T17:39:14Z" name="beforeMethod" finished-at="2021-09-21T17:39:28Z" duration-ms="13942" status="PASS">
          <reporter-output>
          </reporter-output>
        </test-method> <!-- beforeMethod -->
        <test-method signature="fullPageScreenShot()[pri:0, instance:com.saucedemo.swaglabs.testCases.FullPageScreenShot@6b67034]" started-at="2021-09-21T17:39:28Z" name="fullPageScreenShot" finished-at="2021-09-21T17:39:33Z" duration-ms="5318" status="PASS">
          <reporter-output>
          </reporter-output>
        </test-method> <!-- fullPageScreenShot -->
        <test-method is-config="true" signature="afterTest()[pri:0, instance:com.saucedemo.swaglabs.testCases.FullPageScreenShot@6b67034]" started-at="2021-09-21T17:39:33Z" name="afterTest" finished-at="2021-09-21T17:39:33Z" duration-ms="1" status="PASS">
          <reporter-output>
          </reporter-output>
        </test-method> <!-- afterTest -->
        <test-method is-config="true" signature="afterClass()[pri:0, instance:com.saucedemo.swaglabs.testCases.FullPageScreenShot@6b67034]" started-at="2021-09-21T17:39:33Z" name="afterClass" finished-at="2021-09-21T17:39:34Z" duration-ms="1018" status="PASS">
          <reporter-output>
          </reporter-output>
        </test-method> <!-- afterClass -->
      </class> <!-- com.saucedemo.swaglabs.testCases.FullPageScreenShot -->
      <class name="com.saucedemo.swaglabs.testCases.DynamicControl">
        <test-method is-config="true" signature="beforeClass()[pri:0, instance:com.saucedemo.swaglabs.testCases.DynamicControl@1176dcec]" started-at="2021-09-21T17:29:29Z" name="beforeClass" finished-at="2021-09-21T17:29:31Z" duration-ms="1789" status="PASS">
          <reporter-output>
          </reporter-output>
        </test-method> <!-- beforeClass -->
        <test-method is-config="true" signature="beforeMethod()[pri:0, instance:com.saucedemo.swaglabs.testCases.DynamicControl@1176dcec]" started-at="2021-09-21T17:29:31Z" name="beforeMethod" finished-at="2021-09-21T17:29:40Z" duration-ms="8706" status="PASS">
          <reporter-output>
          </reporter-output>
        </test-method> <!-- beforeMethod -->
        <test-method signature="dynamicControl()[pri:0, instance:com.saucedemo.swaglabs.testCases.DynamicControl@1176dcec]" started-at="2021-09-21T17:29:40Z" name="dynamicControl" finished-at="2021-09-21T17:29:57Z" duration-ms="17499" status="PASS">
          <reporter-output>
          </reporter-output>
        </test-method> <!-- dynamicControl -->
        <test-method is-config="true" signature="afterTest()[pri:0, instance:com.saucedemo.swaglabs.testCases.DynamicControl@1176dcec]" started-at="2021-09-21T17:29:57Z" name="afterTest" finished-at="2021-09-21T17:29:57Z" duration-ms="0" status="PASS">
          <reporter-output>
          </reporter-output>
        </test-method> <!-- afterTest -->
        <test-method is-config="true" signature="afterClass()[pri:0, instance:com.saucedemo.swaglabs.testCases.DynamicControl@1176dcec]" started-at="2021-09-21T17:29:57Z" name="afterClass" finished-at="2021-09-21T17:29:58Z" duration-ms="280" status="PASS">
          <reporter-output>
          </reporter-output>
        </test-method> <!-- afterClass -->
      </class> <!-- com.saucedemo.swaglabs.testCases.DynamicControl -->
      <class name="com.saucedemo.swaglabs.testCases.DragAndDrop">
        <test-method is-config="true" signature="beforeClass()[pri:0, instance:com.saucedemo.swaglabs.testCases.DragAndDrop@3e77a1ed]" started-at="2021-09-21T17:25:36Z" name="beforeClass" finished-at="2021-09-21T17:25:38Z" duration-ms="1855" status="PASS">
          <reporter-output>
          </reporter-output>
        </test-method> <!-- beforeClass -->
        <test-method is-config="true" signature="beforeMethod()[pri:0, instance:com.saucedemo.swaglabs.testCases.DragAndDrop@3e77a1ed]" started-at="2021-09-21T17:25:38Z" name="beforeMethod" finished-at="2021-09-21T17:25:51Z" duration-ms="12366" status="PASS">
          <reporter-output>
          </reporter-output>
        </test-method> <!-- beforeMethod -->
        <test-method signature="dragAndDrop()[pri:0, instance:com.saucedemo.swaglabs.testCases.DragAndDrop@3e77a1ed]" started-at="2021-09-21T17:25:51Z" name="dragAndDrop" finished-at="2021-09-21T17:28:19Z" duration-ms="148003" status="PASS">
          <reporter-output>
          </reporter-output>
        </test-method> <!-- dragAndDrop -->
        <test-method is-config="true" signature="afterTest()[pri:0, instance:com.saucedemo.swaglabs.testCases.DragAndDrop@3e77a1ed]" started-at="2021-09-21T17:28:19Z" name="afterTest" finished-at="2021-09-21T17:28:19Z" duration-ms="0" status="PASS">
          <reporter-output>
          </reporter-output>
        </test-method> <!-- afterTest -->
        <test-method is-config="true" signature="afterClass()[pri:0, instance:com.saucedemo.swaglabs.testCases.DragAndDrop@3e77a1ed]" started-at="2021-09-21T17:28:19Z" name="afterClass" finished-at="2021-09-21T17:28:19Z" duration-ms="313" status="PASS">
          <reporter-output>
          </reporter-output>
        </test-method> <!-- afterClass -->
      </class> <!-- com.saucedemo.swaglabs.testCases.DragAndDrop -->
      <class name="com.saucedemo.swaglabs.testCases.InfiniteScroll">
        <test-method is-config="true" signature="beforeClass()[pri:0, instance:com.saucedemo.swaglabs.testCases.InfiniteScroll@25359ed8]" started-at="2021-09-21T17:33:39Z" name="beforeClass" finished-at="2021-09-21T17:33:41Z" duration-ms="1944" status="PASS">
          <reporter-output>
          </reporter-output>
        </test-method> <!-- beforeClass -->
        <test-method is-config="true" signature="beforeMethod()[pri:0, instance:com.saucedemo.swaglabs.testCases.InfiniteScroll@25359ed8]" started-at="2021-09-21T17:33:41Z" name="beforeMethod" finished-at="2021-09-21T17:33:58Z" duration-ms="16389" status="PASS">
          <reporter-output>
          </reporter-output>
        </test-method> <!-- beforeMethod -->
        <test-method signature="infiniteScroll()[pri:0, instance:com.saucedemo.swaglabs.testCases.InfiniteScroll@25359ed8]" started-at="2021-09-21T17:33:58Z" name="infiniteScroll" finished-at="2021-09-21T17:34:22Z" duration-ms="24206" status="PASS">
          <reporter-output>
          </reporter-output>
        </test-method> <!-- infiniteScroll -->
        <test-method is-config="true" signature="afterTest()[pri:0, instance:com.saucedemo.swaglabs.testCases.InfiniteScroll@25359ed8]" started-at="2021-09-21T17:34:22Z" name="afterTest" finished-at="2021-09-21T17:34:22Z" duration-ms="0" status="PASS">
          <reporter-output>
          </reporter-output>
        </test-method> <!-- afterTest -->
        <test-method is-config="true" signature="afterClass()[pri:0, instance:com.saucedemo.swaglabs.testCases.InfiniteScroll@25359ed8]" started-at="2021-09-21T17:34:22Z" name="afterClass" finished-at="2021-09-21T17:34:22Z" duration-ms="622" status="PASS">
          <reporter-output>
          </reporter-output>
        </test-method> <!-- afterClass -->
      </class> <!-- com.saucedemo.swaglabs.testCases.InfiniteScroll -->
      <class name="com.saucedemo.swaglabs.testCases.AddRemoveElements">
        <test-method is-config="true" signature="beforeClass()[pri:0, instance:com.saucedemo.swaglabs.testCases.AddRemoveElements@5e25a92e]" started-at="2021-09-21T17:22:20Z" name="beforeClass" finished-at="2021-09-21T17:22:22Z" duration-ms="2546" status="PASS">
          <reporter-output>
          </reporter-output>
        </test-method> <!-- beforeClass -->
        <test-method is-config="true" signature="beforeMethod()[pri:0, instance:com.saucedemo.swaglabs.testCases.AddRemoveElements@5e25a92e]" started-at="2021-09-21T17:22:22Z" name="beforeMethod" finished-at="2021-09-21T17:22:34Z" duration-ms="11809" status="PASS">
          <reporter-output>
          </reporter-output>
        </test-method> <!-- beforeMethod -->
        <test-method signature="addRemoveElements()[pri:0, instance:com.saucedemo.swaglabs.testCases.AddRemoveElements@5e25a92e]" started-at="2021-09-21T17:22:34Z" name="addRemoveElements" finished-at="2021-09-21T17:22:56Z" duration-ms="21548" status="PASS">
          <reporter-output>
          </reporter-output>
        </test-method> <!-- addRemoveElements -->
        <test-method is-config="true" signature="afterTest()[pri:0, instance:com.saucedemo.swaglabs.testCases.AddRemoveElements@5e25a92e]" started-at="2021-09-21T17:22:56Z" name="afterTest" finished-at="2021-09-21T17:22:56Z" duration-ms="1" status="PASS">
          <reporter-output>
          </reporter-output>
        </test-method> <!-- afterTest -->
        <test-method is-config="true" signature="afterClass()[pri:0, instance:com.saucedemo.swaglabs.testCases.AddRemoveElements@5e25a92e]" started-at="2021-09-21T17:22:56Z" name="afterClass" finished-at="2021-09-21T17:22:56Z" duration-ms="380" status="PASS">
          <reporter-output>
          </reporter-output>
        </test-method> <!-- afterClass -->
      </class> <!-- com.saucedemo.swaglabs.testCases.AddRemoveElements -->
      <class name="com.saucedemo.swaglabs.testCases.MouseHover">
        <test-method is-config="true" signature="beforeClass()[pri:0, instance:com.saucedemo.swaglabs.testCases.MouseHover@80ec1f8]" started-at="2021-09-21T17:35:24Z" name="beforeClass" finished-at="2021-09-21T17:35:25Z" duration-ms="1332" status="PASS">
          <reporter-output>
          </reporter-output>
        </test-method> <!-- beforeClass -->
        <test-method is-config="true" signature="beforeMethod()[pri:0, instance:com.saucedemo.swaglabs.testCases.MouseHover@80ec1f8]" started-at="2021-09-21T17:35:25Z" name="beforeMethod" finished-at="2021-09-21T17:35:33Z" duration-ms="7954" status="PASS">
          <reporter-output>
          </reporter-output>
        </test-method> <!-- beforeMethod -->
        <test-method signature="mouseHover()[pri:0, instance:com.saucedemo.swaglabs.testCases.MouseHover@80ec1f8]" started-at="2021-09-21T17:35:33Z" name="mouseHover" finished-at="2021-09-21T17:35:53Z" duration-ms="19709" status="PASS">
          <reporter-output>
          </reporter-output>
        </test-method> <!-- mouseHover -->
        <test-method is-config="true" signature="afterClass()[pri:0, instance:com.saucedemo.swaglabs.testCases.MouseHover@80ec1f8]" started-at="2021-09-21T17:35:53Z" name="afterClass" finished-at="2021-09-21T17:35:55Z" duration-ms="2083" status="PASS">
          <reporter-output>
          </reporter-output>
        </test-method> <!-- afterClass -->
        <test-method is-config="true" signature="afterTest()[pri:0, instance:com.saucedemo.swaglabs.testCases.MouseHover@80ec1f8]" started-at="2021-09-21T17:35:53Z" name="afterTest" finished-at="2021-09-21T17:35:53Z" duration-ms="0" status="PASS">
          <reporter-output>
          </reporter-output>
        </test-method> <!-- afterTest -->
      </class> <!-- com.saucedemo.swaglabs.testCases.MouseHover -->
      <class name="com.saucedemo.swaglabs.testCases.Iframe">
        <test-method is-config="true" signature="beforeClass()[pri:0, instance:com.saucedemo.swaglabs.testCases.Iframe@37574691]" started-at="2021-09-21T17:32:38Z" name="beforeClass" finished-at="2021-09-21T17:32:40Z" duration-ms="1242" status="PASS">
          <reporter-output>
          </reporter-output>
        </test-method> <!-- beforeClass -->
        <test-method is-config="true" signature="beforeMethod()[pri:0, instance:com.saucedemo.swaglabs.testCases.Iframe@37574691]" started-at="2021-09-21T17:32:40Z" name="beforeMethod" finished-at="2021-09-21T17:32:48Z" duration-ms="8065" status="PASS">
          <reporter-output>
          </reporter-output>
        </test-method> <!-- beforeMethod -->
        <test-method signature="iframe()[pri:0, instance:com.saucedemo.swaglabs.testCases.Iframe@37574691]" started-at="2021-09-21T17:32:48Z" name="iframe" finished-at="2021-09-21T17:33:39Z" duration-ms="51338" status="PASS">
          <reporter-output>
          </reporter-output>
        </test-method> <!-- iframe -->
        <test-method is-config="true" signature="afterClass()[pri:0, instance:com.saucedemo.swaglabs.testCases.Iframe@37574691]" started-at="2021-09-21T17:33:39Z" name="afterClass" finished-at="2021-09-21T17:33:39Z" duration-ms="368" status="PASS">
          <reporter-output>
          </reporter-output>
        </test-method> <!-- afterClass -->
        <test-method is-config="true" signature="afterTest()[pri:0, instance:com.saucedemo.swaglabs.testCases.Iframe@37574691]" started-at="2021-09-21T17:33:39Z" name="afterTest" finished-at="2021-09-21T17:33:39Z" duration-ms="0" status="PASS">
          <reporter-output>
          </reporter-output>
        </test-method> <!-- afterTest -->
      </class> <!-- com.saucedemo.swaglabs.testCases.Iframe -->
    </test> <!-- UITest -->
  </suite> <!-- Regression -->
</testng-results>
